[handleMsg]:  {
  key: {
    remoteJid: '5215561146270@s.whatsapp.net',
    fromMe: false,
    id: '6B43A13934B2337BCDBF7850C7BA9C03',
    participant: undefined
  },
  messageTimestamp: 1700186696,
  pushName: 'Semicirculo Digital',
  broadcast: false,
  message: Message {
    conversation: 'DEMOBOT',
    messageContextInfo: MessageContextInfo {
      deviceListMetadata: [DeviceListMetadata],
      deviceListMetadataVersion: 2
    }
  },
  body: 'DEMOBOT',
  from: '5215561146270'
}
[QUEUE_SE_ENVIO]:  {
  ref: 'ans_d8422631-4e60-41f7-aacb-bea3a78a9a5b',
  keyword: 'key_0b2621b0-5803-4520-9985-259148ba8ecc',
  answer: 'Bivenid@ a *Demo Bot de Semicirculo*',
  options: {
    media: null,
    buttons: [],
    capture: false,
    child: null,
    delay: 0,
    idle: null,
    nested: [],
    keyword: {},
    callback: true
  },
  refSerialize: 'cd9df87401800c0bf5861c6cd7573750'
}
[QUEUE_SE_ENVIO]:  {
  ref: 'ans_fc7656cd-e366-4094-9983-0181da9c38fe',
  keyword: 'ans_d8422631-4e60-41f7-aacb-bea3a78a9a5b',
  answer: 'Escríbe en el chat el número del bot que quieres probar! ',
  options: {
    media: null,
    buttons: [],
    capture: true,
    child: null,
    delay: 0,
    idle: null,
    nested: [],
    keyword: {},
    callback: false
  },
  refSerialize: '09096a6a035266afa2874c00ae496da6'
}
[handleMsg]:  {
  key: {
    remoteJid: '5215561146270@s.whatsapp.net',
    fromMe: false,
    id: '2F6007C87231824F9EE9549CD1BF4B8A',
    participant: undefined
  },
  messageTimestamp: 1700186704,
  pushName: 'Semicirculo Digital',
  broadcast: false,
  message: Message {
    conversation: '1',
    messageContextInfo: MessageContextInfo {
      deviceListMetadata: [DeviceListMetadata],
      deviceListMetadataVersion: 2
    }
  },
  body: '1',
  from: '5215561146270'
}
[QUEUE_SE_ENVIO]:  {
  ref: 'ans_232dbaaf-93d4-4ea4-898a-d30e69610276',
  keyword: 'ans_fc7656cd-e366-4094-9983-0181da9c38fe',
  answer: '__call_action__',
  options: {
    media: null,
    buttons: [],
    capture: false,
    child: null,
    delay: 0,
    idle: null,
    nested: [],
    keyword: {},
    callback: true
  },
  refSerialize: 'fcc76c49ba1ffa7307203ee43171aa8a'
}
[handleMsg]:  {
  key: {
    remoteJid: '5215561146270@s.whatsapp.net',
    fromMe: false,
    id: 'F78C33C2493B8C2550D255E33E7F8BFF',
    participant: undefined
  },
  messageTimestamp: 1700186724,
  pushName: 'Semicirculo Digital',
  broadcast: false,
  message: Message {
    conversation: 'Jorge',
    messageContextInfo: MessageContextInfo {
      deviceListMetadata: [DeviceListMetadata],
      deviceListMetadataVersion: 2
    }
  },
  body: 'Jorge',
  from: '5215561146270'
}
