5215561146270:ENCOLADO ans_80d013a0-ddcf-4a63-9d0a-56a11b937d27
EJECUTANDO:ans_80d013a0-ddcf-4a63-9d0a-56a11b937d27
5215561146270:SUCCESS
5215561146270:ENCOLADO ans_466217c0-c144-4681-8c2f-836921b52cc0
EJECUTANDO:ans_466217c0-c144-4681-8c2f-836921b52cc0
5215561146270:SUCCESS
5215561146270:ENCOLADO ans_abd8adb1-b92a-4331-b6d2-96554b984c06
EJECUTANDO:ans_abd8adb1-b92a-4331-b6d2-96554b984c06
5215561146270:SUCCESS
5215561146270:ENCOLADO ans_80d013a0-ddcf-4a63-9d0a-56a11b937d27
EJECUTANDO:ans_80d013a0-ddcf-4a63-9d0a-56a11b937d27
5215561146270:SUCCESS
5215561146270:ENCOLADO ans_466217c0-c144-4681-8c2f-836921b52cc0
EJECUTANDO:ans_466217c0-c144-4681-8c2f-836921b52cc0
5215561146270:SUCCESS
5215561146270:ENCOLADO ans_abd8adb1-b92a-4331-b6d2-96554b984c06
EJECUTANDO:ans_abd8adb1-b92a-4331-b6d2-96554b984c06
5215561146270:SUCCESS
5215561146270:ENCOLADO ans_eb1df64e-f5b1-46f8-9f59-3102eb0c56f9
EJECUTANDO:ans_eb1df64e-f5b1-46f8-9f59-3102eb0c56f9
5215561146270:ERROR: {}
